TN:
SF:/home/manolo/Node Packages/gon/main.js
FN:4,gon
FN:8,getTarget
FN:9,tg
FN:14,(anonymous_4)
FN:25,(anonymous_5)
FN:34,(anonymous_6)
FN:38,(anonymous_7)
FN:48,getAndApply
FN:52,callAndApply
FN:57,setProp
FNF:10
FNH:9
FNDA:7,gon
FNDA:7,getTarget
FNDA:0,tg
FNDA:7,(anonymous_4)
FNDA:15,(anonymous_5)
FNDA:1,(anonymous_6)
FNDA:3,(anonymous_7)
FNDA:3,getAndApply
FNDA:3,callAndApply
FNDA:1,setProp
DA:1,1
DA:4,1
DA:5,7
DA:8,1
DA:9,1
DA:10,7
DA:11,7
DA:14,1
DA:15,7
DA:17,7
DA:18,6
DA:19,7
DA:20,6
DA:23,1
DA:26,15
DA:28,15
DA:29,3
DA:30,3
DA:31,3
DA:35,1
DA:39,3
DA:40,3
DA:41,3
DA:48,1
DA:49,3
DA:52,1
DA:53,3
DA:54,3
DA:57,1
DA:58,1
DA:63,1
LF:31
LH:31
BRDA:17,1,0,1
BRDA:17,1,1,6
BRDA:17,2,0,7
BRDA:17,2,1,7
BRDA:18,3,0,0
BRDA:18,3,1,6
BRDA:28,4,0,12
BRDA:28,4,1,3
BRDA:53,5,0,3
BRDA:53,5,1,0
BRF:10
BRH:8
end_of_record
